<?xml version="1.0" encoding="UTF-8"?>
<!-- Generated by org.testng.reporters.JUnitReportReporter -->
<testsuite skipped="0" hostname="LAPTOP-JU6UN7L9" name="T1RemTest" tests="2" failures="0" timestamp="2021-01-05T17:37:50 GMT" time="0.051" errors="0">
  <testcase name="generateGradeTest" time="0.027" classname="T1RemTest"/>
  <system-out/>
  <testcase name="gradeTest" time="0.024" classname="T1RemTest"/>
  <system-out/>
</testsuite> <!-- T1RemTest -->
