<?xml version="1.0" encoding="UTF-8"?>
<!-- Generated by org.testng.reporters.JUnitReportReporter -->
<testsuite skipped="0" hostname="LAPTOP-JU6UN7L9" name="T2TaharTest" tests="2" failures="0" timestamp="2021-01-05T17:37:58 GMT" time="0.040" errors="0">
  <testcase name="generateGradeTest" time="0.022" classname="T2TaharTest"/>
  <system-out/>
  <testcase name="gradeTest" time="0.018" classname="T2TaharTest"/>
  <system-out/>
</testsuite> <!-- T2TaharTest -->
