<?xml version="1.0" encoding="UTF-8"?>
<!-- Generated by org.testng.reporters.JUnitReportReporter -->
<testsuite skipped="0" hostname="LAPTOP-JU6UN7L9" name="T3DeepakTest" tests="2" failures="0" timestamp="2021-01-05T17:38:03 GMT" time="0.046" errors="0">
  <testcase name="generateGradeTest" time="0.026" classname="T3DeepakTest"/>
  <system-out/>
  <testcase name="PercentageTest" time="0.020" classname="T3DeepakTest"/>
  <system-out/>
</testsuite> <!-- T3DeepakTest -->
